2016-10-13 23:20:44,710 [Worker-0] INFO  c.g.t.t.d.PublishedGradleVersions - Gradle version information cache is out-of-date. Trying to update.
2016-10-13 23:21:16,732 [Worker-3] INFO  o.e.m.c.i.l.LifecycleMappingFactory - Using org.eclipse.m2e.jdt.JarLifecycleMapping lifecycle mapping for MavenProject: org.bitcoinj:bitcoinj-core:0.15-SNAPSHOT @ /Users/Ibrahim/bitcoinj-master/core/pom.xml.
2016-10-13 23:21:16,981 [Worker-3] INFO  o.e.m.c.i.l.LifecycleMappingFactory - Using org.eclipse.m2e.jdt.JarLifecycleMapping lifecycle mapping for MavenProject: org.bitcoinj:bitcoinj-examples:0.15-SNAPSHOT @ /Users/Ibrahim/bitcoinj-master/examples/pom.xml.
2016-10-13 23:21:17,062 [Worker-3] INFO  o.e.m.c.i.l.LifecycleMappingFactory - Using org.eclipse.m2e.jdt.JarLifecycleMapping lifecycle mapping for MavenProject: org.bitcoinj:bitcoinj-tools:0.15-SNAPSHOT @ /Users/Ibrahim/bitcoinj-master/tools/pom.xml.
2016-10-13 23:21:17,124 [Worker-3] INFO  o.e.m.c.i.l.LifecycleMappingFactory - Using org.eclipse.m2e.jdt.JarLifecycleMapping lifecycle mapping for MavenProject: org.bitcoinj:wallettemplate:0.15-SNAPSHOT @ /Users/Ibrahim/bitcoinj-master/wallettemplate/pom.xml.
2016-10-13 23:21:23,159 [Worker-3] INFO  o.e.m.j.i.AbstractJavaProjectConfigurator - Adding source folder /core/src/main/java
2016-10-13 23:21:23,160 [Worker-3] INFO  o.e.m.j.i.AbstractJavaProjectConfigurator - Adding resource folder /core/src/main/resources
2016-10-13 23:21:23,168 [Worker-3] INFO  o.e.m.j.i.AbstractJavaProjectConfigurator - Adding source folder /core/src/test/java
2016-10-13 23:21:23,168 [Worker-3] INFO  o.e.m.j.i.AbstractJavaProjectConfigurator - Adding resource folder /core/src/test/resources
2016-10-13 23:21:25,676 [Worker-3] INFO  o.e.m.j.i.AbstractJavaProjectConfigurator - Adding source folder /tools/src/main/java
2016-10-13 23:21:25,676 [Worker-3] INFO  o.e.m.j.i.AbstractJavaProjectConfigurator - Adding resource folder /tools/src/main/resources
2016-10-13 23:21:25,679 [Worker-3] INFO  o.e.m.j.i.AbstractJavaProjectConfigurator - Adding source folder /tools/src/test/java
2016-10-13 23:21:26,033 [Worker-3] INFO  o.e.m.j.i.AbstractJavaProjectConfigurator - Adding source folder /wallettemplate/src/main/java
2016-10-13 23:21:26,033 [Worker-3] INFO  o.e.m.j.i.AbstractJavaProjectConfigurator - Adding resource folder /wallettemplate/src/main/resources
2016-10-13 23:21:26,037 [Worker-3] INFO  o.e.m.j.i.AbstractJavaProjectConfigurator - Adding source folder /wallettemplate/src/test/java
2016-10-13 23:21:26,234 [Worker-3] INFO  o.e.m.j.i.AbstractJavaProjectConfigurator - Adding source folder /examples/src/main/java
2016-10-13 23:21:26,234 [Worker-3] INFO  o.e.m.j.i.AbstractJavaProjectConfigurator - Adding source folder /examples/src/test/java
2016-10-13 23:21:26,558 [Worker-3] INFO  o.e.m.c.i.p.ProjectConfigurationManager - Imported and configured 4 project(s) in 13 sec
2016-10-13 23:21:34,343 [Worker-6] INFO  o.e.m.c.i.embedder.EclipseLogger - Using 'UTF-8' encoding to copy filtered resources.
2016-10-13 23:21:34,353 [Worker-6] INFO  o.e.m.c.i.embedder.EclipseLogger - Copying 4 resources
2016-10-13 23:21:34,381 [Worker-6] INFO  o.e.m.c.i.embedder.EclipseLogger - Using 'UTF-8' encoding to copy filtered resources.
2016-10-13 23:21:34,382 [Worker-6] INFO  o.e.m.c.i.embedder.EclipseLogger - Copying 27 resources
2016-10-13 23:21:34,683 [Worker-6] INFO  o.e.m.c.i.embedder.EclipseLogger - Using 'UTF-8' encoding to copy filtered resources.
2016-10-13 23:21:34,683 [Worker-6] INFO  o.e.m.c.i.embedder.EclipseLogger - skip non existing resourceDirectory /Users/Ibrahim/bitcoinj-master/examples/src/main/resources
2016-10-13 23:21:34,685 [Worker-6] INFO  o.e.m.c.i.embedder.EclipseLogger - Using 'UTF-8' encoding to copy filtered resources.
2016-10-13 23:21:34,685 [Worker-6] INFO  o.e.m.c.i.embedder.EclipseLogger - skip non existing resourceDirectory /Users/Ibrahim/bitcoinj-master/examples/src/test/resources
2016-10-13 23:21:35,035 [Worker-6] INFO  o.e.m.c.i.embedder.EclipseLogger - Using 'UTF-8' encoding to copy filtered resources.
2016-10-13 23:21:35,035 [Worker-6] INFO  o.e.m.c.i.embedder.EclipseLogger - Copying 2 resources
2016-10-13 23:21:35,038 [Worker-6] INFO  o.e.m.c.i.embedder.EclipseLogger - Using 'UTF-8' encoding to copy filtered resources.
2016-10-13 23:21:35,039 [Worker-6] INFO  o.e.m.c.i.embedder.EclipseLogger - skip non existing resourceDirectory /Users/Ibrahim/bitcoinj-master/tools/src/test/resources
2016-10-13 23:21:35,732 [Worker-6] INFO  o.e.m.c.i.embedder.EclipseLogger - Using 'UTF-8' encoding to copy filtered resources.
2016-10-13 23:21:35,733 [Worker-6] INFO  o.e.m.c.i.embedder.EclipseLogger - Copying 11 resources
2016-10-13 23:21:35,796 [Worker-6] INFO  o.e.m.c.i.embedder.EclipseLogger - Using 'UTF-8' encoding to copy filtered resources.
2016-10-13 23:21:35,797 [Worker-6] INFO  o.e.m.c.i.embedder.EclipseLogger - skip non existing resourceDirectory /Users/Ibrahim/bitcoinj-master/wallettemplate/src/test/resources
2016-10-13 23:26:54,544 [Worker-11] INFO  o.e.m.c.i.embedder.EclipseLogger - Using 'UTF-8' encoding to copy filtered resources.
2016-10-13 23:26:54,548 [Worker-11] INFO  o.e.m.c.i.embedder.EclipseLogger - Copying 0 resource
2016-10-13 23:26:54,550 [Worker-11] INFO  o.e.m.c.i.embedder.EclipseLogger - Using 'UTF-8' encoding to copy filtered resources.
2016-10-13 23:26:54,551 [Worker-11] INFO  o.e.m.c.i.embedder.EclipseLogger - Copying 0 resource
2016-10-13 23:26:54,560 [Worker-11] INFO  o.e.m.c.i.embedder.EclipseLogger - Using 'UTF-8' encoding to copy filtered resources.
2016-10-13 23:26:54,560 [Worker-11] INFO  o.e.m.c.i.embedder.EclipseLogger - skip non existing resourceDirectory /Users/Ibrahim/bitcoinj-master/examples/src/main/resources
2016-10-13 23:26:54,562 [Worker-11] INFO  o.e.m.c.i.embedder.EclipseLogger - Using 'UTF-8' encoding to copy filtered resources.
2016-10-13 23:26:54,562 [Worker-11] INFO  o.e.m.c.i.embedder.EclipseLogger - skip non existing resourceDirectory /Users/Ibrahim/bitcoinj-master/examples/src/test/resources
2016-10-13 23:26:54,570 [Worker-11] INFO  o.e.m.c.i.embedder.EclipseLogger - Using 'UTF-8' encoding to copy filtered resources.
2016-10-13 23:26:54,570 [Worker-11] INFO  o.e.m.c.i.embedder.EclipseLogger - Copying 0 resource
2016-10-13 23:26:54,572 [Worker-11] INFO  o.e.m.c.i.embedder.EclipseLogger - Using 'UTF-8' encoding to copy filtered resources.
2016-10-13 23:26:54,572 [Worker-11] INFO  o.e.m.c.i.embedder.EclipseLogger - skip non existing resourceDirectory /Users/Ibrahim/bitcoinj-master/tools/src/test/resources
2016-10-13 23:26:54,579 [Worker-11] INFO  o.e.m.c.i.embedder.EclipseLogger - Using 'UTF-8' encoding to copy filtered resources.
2016-10-13 23:26:54,580 [Worker-11] INFO  o.e.m.c.i.embedder.EclipseLogger - Copying 0 resource
2016-10-13 23:26:54,585 [Worker-11] INFO  o.e.m.c.i.embedder.EclipseLogger - Using 'UTF-8' encoding to copy filtered resources.
2016-10-13 23:26:54,585 [Worker-11] INFO  o.e.m.c.i.embedder.EclipseLogger - skip non existing resourceDirectory /Users/Ibrahim/bitcoinj-master/wallettemplate/src/test/resources
2016-10-13 23:46:44,077 [Worker-13] INFO  o.e.m.c.i.embedder.EclipseLogger - Using 'UTF-8' encoding to copy filtered resources.
2016-10-13 23:46:44,083 [Worker-13] INFO  o.e.m.c.i.embedder.EclipseLogger - Copying 4 resources
2016-10-13 23:46:44,084 [Worker-13] INFO  o.e.m.c.i.embedder.EclipseLogger - Using 'UTF-8' encoding to copy filtered resources.
2016-10-13 23:46:44,085 [Worker-13] INFO  o.e.m.c.i.embedder.EclipseLogger - Copying 0 resource
2016-10-13 23:52:56,576 [Worker-20] INFO  o.e.m.c.i.embedder.EclipseLogger - Using 'UTF-8' encoding to copy filtered resources.
2016-10-13 23:52:56,578 [Worker-20] INFO  o.e.m.c.i.embedder.EclipseLogger - Copying 4 resources
2016-10-13 23:52:56,579 [Worker-20] INFO  o.e.m.c.i.embedder.EclipseLogger - Using 'UTF-8' encoding to copy filtered resources.
2016-10-13 23:52:56,580 [Worker-20] INFO  o.e.m.c.i.embedder.EclipseLogger - Copying 0 resource
2016-10-13 23:53:08,022 [Worker-17] INFO  o.e.m.c.i.embedder.EclipseLogger - Using 'UTF-8' encoding to copy filtered resources.
2016-10-13 23:53:08,028 [Worker-17] INFO  o.e.m.c.i.embedder.EclipseLogger - Copying 4 resources
2016-10-13 23:53:08,030 [Worker-17] INFO  o.e.m.c.i.embedder.EclipseLogger - Using 'UTF-8' encoding to copy filtered resources.
2016-10-13 23:53:08,031 [Worker-17] INFO  o.e.m.c.i.embedder.EclipseLogger - Copying 0 resource
2016-10-13 23:56:26,647 [Worker-21] INFO  o.e.m.c.i.embedder.EclipseLogger - Using 'UTF-8' encoding to copy filtered resources.
2016-10-13 23:56:26,649 [Worker-21] INFO  o.e.m.c.i.embedder.EclipseLogger - Copying 4 resources
2016-10-13 23:56:26,651 [Worker-21] INFO  o.e.m.c.i.embedder.EclipseLogger - Using 'UTF-8' encoding to copy filtered resources.
2016-10-13 23:56:26,651 [Worker-21] INFO  o.e.m.c.i.embedder.EclipseLogger - Copying 0 resource
2016-10-16 03:13:22,612 [Worker-0] INFO  c.g.t.t.d.PublishedGradleVersions - Gradle version information cache is out-of-date. Trying to update.
2016-10-16 03:13:30,049 [Worker-22] INFO  o.e.m.c.i.l.LifecycleMappingFactory - Using org.eclipse.m2e.jdt.JarLifecycleMapping lifecycle mapping for MavenProject: org.bitcoinj:bitcoinj-core:0.15-SNAPSHOT @ /Users/Ibrahim/bitcoinj-master/core/pom.xml.
2016-10-16 03:13:31,136 [Worker-22] INFO  o.e.m.c.i.embedder.EclipseLogger - Using 'UTF-8' encoding to copy filtered resources.
2016-10-16 03:13:31,144 [Worker-22] INFO  o.e.m.c.i.embedder.EclipseLogger - Copying 4 resources
2016-10-16 03:13:31,184 [Worker-22] INFO  o.e.m.c.i.embedder.EclipseLogger - Using 'UTF-8' encoding to copy filtered resources.
2016-10-16 03:13:31,186 [Worker-22] INFO  o.e.m.c.i.embedder.EclipseLogger - Copying 27 resources
2016-10-16 03:13:31,518 [Worker-22] INFO  o.e.m.c.i.l.LifecycleMappingFactory - Using org.eclipse.m2e.jdt.JarLifecycleMapping lifecycle mapping for MavenProject: org.bitcoinj:bitcoinj-examples:0.15-SNAPSHOT @ /Users/Ibrahim/bitcoinj-master/examples/pom.xml.
2016-10-16 03:13:31,860 [Worker-22] INFO  o.e.m.c.i.embedder.EclipseLogger - Using 'UTF-8' encoding to copy filtered resources.
2016-10-16 03:13:31,861 [Worker-22] INFO  o.e.m.c.i.embedder.EclipseLogger - skip non existing resourceDirectory /Users/Ibrahim/bitcoinj-master/examples/src/main/resources
2016-10-16 03:13:31,863 [Worker-22] INFO  o.e.m.c.i.embedder.EclipseLogger - Using 'UTF-8' encoding to copy filtered resources.
2016-10-16 03:13:31,863 [Worker-22] INFO  o.e.m.c.i.embedder.EclipseLogger - skip non existing resourceDirectory /Users/Ibrahim/bitcoinj-master/examples/src/test/resources
2016-10-16 03:13:32,553 [Worker-22] INFO  o.e.m.c.i.l.LifecycleMappingFactory - Using org.eclipse.m2e.jdt.JarLifecycleMapping lifecycle mapping for MavenProject: org.bitcoinj:bitcoinj-tools:0.15-SNAPSHOT @ /Users/Ibrahim/bitcoinj-master/tools/pom.xml.
2016-10-16 03:13:32,720 [Worker-22] INFO  o.e.m.c.i.embedder.EclipseLogger - Using 'UTF-8' encoding to copy filtered resources.
2016-10-16 03:13:32,721 [Worker-22] INFO  o.e.m.c.i.embedder.EclipseLogger - Copying 2 resources
2016-10-16 03:13:32,726 [Worker-22] INFO  o.e.m.c.i.embedder.EclipseLogger - Using 'UTF-8' encoding to copy filtered resources.
2016-10-16 03:13:32,726 [Worker-22] INFO  o.e.m.c.i.embedder.EclipseLogger - skip non existing resourceDirectory /Users/Ibrahim/bitcoinj-master/tools/src/test/resources
2016-10-16 03:13:33,464 [Worker-22] INFO  o.e.m.c.i.l.LifecycleMappingFactory - Using org.eclipse.m2e.jdt.JarLifecycleMapping lifecycle mapping for MavenProject: org.bitcoinj:wallettemplate:0.15-SNAPSHOT @ /Users/Ibrahim/bitcoinj-master/wallettemplate/pom.xml.
2016-10-16 03:13:33,592 [Worker-22] INFO  o.e.m.c.i.embedder.EclipseLogger - Using 'UTF-8' encoding to copy filtered resources.
2016-10-16 03:13:33,593 [Worker-22] INFO  o.e.m.c.i.embedder.EclipseLogger - Copying 11 resources
2016-10-16 03:13:33,617 [Worker-22] INFO  o.e.m.c.i.embedder.EclipseLogger - Using 'UTF-8' encoding to copy filtered resources.
2016-10-16 03:13:33,617 [Worker-22] INFO  o.e.m.c.i.embedder.EclipseLogger - skip non existing resourceDirectory /Users/Ibrahim/bitcoinj-master/wallettemplate/src/test/resources
2016-10-16 03:13:35,484 [Worker-4] INFO  o.e.m.c.i.l.LifecycleMappingFactory - Using org.eclipse.m2e.jdt.JarLifecycleMapping lifecycle mapping for MavenProject: org.bitcoinj:bitcoinj-core:0.15-SNAPSHOT @ /Users/Ibrahim/bitcoinj-master/core/pom.xml.
2016-10-16 03:13:35,757 [Worker-4] INFO  o.e.m.c.i.l.LifecycleMappingFactory - Using org.eclipse.m2e.jdt.JarLifecycleMapping lifecycle mapping for MavenProject: org.bitcoinj:bitcoinj-examples:0.15-SNAPSHOT @ /Users/Ibrahim/bitcoinj-master/examples/pom.xml.
2016-10-16 03:13:35,845 [Worker-4] INFO  o.e.m.c.i.l.LifecycleMappingFactory - Using org.eclipse.m2e.jdt.JarLifecycleMapping lifecycle mapping for MavenProject: org.bitcoinj:bitcoinj-tools:0.15-SNAPSHOT @ /Users/Ibrahim/bitcoinj-master/tools/pom.xml.
2016-10-16 03:13:35,927 [Worker-4] INFO  o.e.m.c.i.l.LifecycleMappingFactory - Using org.eclipse.m2e.jdt.JarLifecycleMapping lifecycle mapping for MavenProject: org.bitcoinj:wallettemplate:0.15-SNAPSHOT @ /Users/Ibrahim/bitcoinj-master/wallettemplate/pom.xml.
2016-10-16 03:13:37,320 [Worker-22] INFO  o.e.m.c.i.embedder.EclipseLogger - Using 'UTF-8' encoding to copy filtered resources.
2016-10-16 03:13:37,328 [Worker-22] INFO  o.e.m.c.i.embedder.EclipseLogger - Copying 0 resource
2016-10-16 03:13:37,333 [Worker-22] INFO  o.e.m.c.i.embedder.EclipseLogger - Using 'UTF-8' encoding to copy filtered resources.
2016-10-16 03:13:37,334 [Worker-22] INFO  o.e.m.c.i.embedder.EclipseLogger - Copying 0 resource
2016-10-16 03:13:37,437 [Worker-22] INFO  o.e.m.c.i.embedder.EclipseLogger - Using 'UTF-8' encoding to copy filtered resources.
2016-10-16 03:13:37,437 [Worker-22] INFO  o.e.m.c.i.embedder.EclipseLogger - skip non existing resourceDirectory /Users/Ibrahim/bitcoinj-master/examples/src/main/resources
2016-10-16 03:13:37,439 [Worker-22] INFO  o.e.m.c.i.embedder.EclipseLogger - Using 'UTF-8' encoding to copy filtered resources.
2016-10-16 03:13:37,439 [Worker-22] INFO  o.e.m.c.i.embedder.EclipseLogger - skip non existing resourceDirectory /Users/Ibrahim/bitcoinj-master/examples/src/test/resources
2016-10-16 03:13:37,518 [Worker-22] INFO  o.e.m.c.i.embedder.EclipseLogger - Using 'UTF-8' encoding to copy filtered resources.
2016-10-16 03:13:37,519 [Worker-22] INFO  o.e.m.c.i.embedder.EclipseLogger - Copying 0 resource
2016-10-16 03:13:37,521 [Worker-22] INFO  o.e.m.c.i.embedder.EclipseLogger - Using 'UTF-8' encoding to copy filtered resources.
2016-10-16 03:13:37,521 [Worker-22] INFO  o.e.m.c.i.embedder.EclipseLogger - skip non existing resourceDirectory /Users/Ibrahim/bitcoinj-master/tools/src/test/resources
2016-10-16 03:13:37,670 [Worker-22] INFO  o.e.m.c.i.embedder.EclipseLogger - Using 'UTF-8' encoding to copy filtered resources.
2016-10-16 03:13:37,670 [Worker-22] INFO  o.e.m.c.i.embedder.EclipseLogger - Copying 0 resource
2016-10-16 03:13:37,673 [Worker-22] INFO  o.e.m.c.i.embedder.EclipseLogger - Using 'UTF-8' encoding to copy filtered resources.
2016-10-16 03:13:37,674 [Worker-22] INFO  o.e.m.c.i.embedder.EclipseLogger - skip non existing resourceDirectory /Users/Ibrahim/bitcoinj-master/wallettemplate/src/test/resources
2016-10-21 22:52:51,745 [Worker-3] INFO  c.g.t.t.d.PublishedGradleVersions - Gradle version information cache is out-of-date. Trying to update.
2016-10-22 02:42:26,296 [Worker-33] INFO  o.e.m.c.i.embedder.EclipseLogger - Using 'UTF-8' encoding to copy filtered resources.
2016-10-22 02:42:26,297 [Worker-33] INFO  o.e.m.c.i.embedder.EclipseLogger - skip non existing resourceDirectory /Users/Ibrahim/bitcoinj-master/examples/src/main/resources
2016-10-22 02:42:26,301 [Worker-33] INFO  o.e.m.c.i.embedder.EclipseLogger - Using 'UTF-8' encoding to copy filtered resources.
2016-10-22 02:42:26,301 [Worker-33] INFO  o.e.m.c.i.embedder.EclipseLogger - skip non existing resourceDirectory /Users/Ibrahim/bitcoinj-master/examples/src/test/resources
2016-10-22 02:48:11,258 [Worker-36] INFO  o.e.m.c.i.embedder.EclipseLogger - Using 'UTF-8' encoding to copy filtered resources.
2016-10-22 02:48:11,267 [Worker-36] INFO  o.e.m.c.i.embedder.EclipseLogger - Copying 4 resources
2016-10-22 02:48:11,413 [Worker-36] INFO  o.e.m.c.i.embedder.EclipseLogger - Using 'UTF-8' encoding to copy filtered resources.
2016-10-22 02:48:11,420 [Worker-36] INFO  o.e.m.c.i.embedder.EclipseLogger - Copying 27 resources
2016-10-22 02:52:54,425 [Worker-34] INFO  o.e.m.c.i.embedder.EclipseLogger - Using 'UTF-8' encoding to copy filtered resources.
2016-10-22 02:52:54,435 [Worker-34] INFO  o.e.m.c.i.embedder.EclipseLogger - Copying 4 resources
2016-10-22 02:52:54,438 [Worker-34] INFO  o.e.m.c.i.embedder.EclipseLogger - Using 'UTF-8' encoding to copy filtered resources.
2016-10-22 02:52:54,438 [Worker-34] INFO  o.e.m.c.i.embedder.EclipseLogger - Copying 0 resource
2016-10-22 02:57:53,873 [Worker-36] INFO  o.e.m.c.i.embedder.EclipseLogger - Using 'UTF-8' encoding to copy filtered resources.
2016-10-22 02:57:53,875 [Worker-36] INFO  o.e.m.c.i.embedder.EclipseLogger - Copying 4 resources
2016-10-22 02:57:53,877 [Worker-36] INFO  o.e.m.c.i.embedder.EclipseLogger - Using 'UTF-8' encoding to copy filtered resources.
2016-10-22 02:57:53,878 [Worker-36] INFO  o.e.m.c.i.embedder.EclipseLogger - Copying 0 resource
2016-10-22 03:32:49,722 [Worker-50] INFO  o.e.m.c.i.embedder.EclipseLogger - Using 'UTF-8' encoding to copy filtered resources.
2016-10-22 03:32:49,725 [Worker-50] INFO  o.e.m.c.i.embedder.EclipseLogger - Copying 4 resources
2016-10-22 03:32:49,730 [Worker-50] INFO  o.e.m.c.i.embedder.EclipseLogger - Using 'UTF-8' encoding to copy filtered resources.
2016-10-22 03:32:49,730 [Worker-50] INFO  o.e.m.c.i.embedder.EclipseLogger - Copying 0 resource
2016-10-22 03:42:58,940 [Worker-49] INFO  o.e.m.c.i.embedder.EclipseLogger - Using 'UTF-8' encoding to copy filtered resources.
2016-10-22 03:42:58,941 [Worker-49] INFO  o.e.m.c.i.embedder.EclipseLogger - Copying 4 resources
2016-10-22 03:42:58,944 [Worker-49] INFO  o.e.m.c.i.embedder.EclipseLogger - Using 'UTF-8' encoding to copy filtered resources.
2016-10-22 03:42:58,944 [Worker-49] INFO  o.e.m.c.i.embedder.EclipseLogger - Copying 0 resource
2016-10-22 03:47:38,398 [Worker-48] INFO  o.e.m.c.i.embedder.EclipseLogger - Using 'UTF-8' encoding to copy filtered resources.
2016-10-22 03:47:38,399 [Worker-48] INFO  o.e.m.c.i.embedder.EclipseLogger - Copying 4 resources
2016-10-22 03:47:38,402 [Worker-48] INFO  o.e.m.c.i.embedder.EclipseLogger - Using 'UTF-8' encoding to copy filtered resources.
2016-10-22 03:47:38,402 [Worker-48] INFO  o.e.m.c.i.embedder.EclipseLogger - Copying 0 resource
2016-10-22 03:54:05,382 [Worker-59] INFO  o.e.m.c.i.embedder.EclipseLogger - Using 'UTF-8' encoding to copy filtered resources.
2016-10-22 03:54:05,384 [Worker-59] INFO  o.e.m.c.i.embedder.EclipseLogger - Copying 4 resources
2016-10-22 03:54:05,386 [Worker-59] INFO  o.e.m.c.i.embedder.EclipseLogger - Using 'UTF-8' encoding to copy filtered resources.
2016-10-22 03:54:05,386 [Worker-59] INFO  o.e.m.c.i.embedder.EclipseLogger - Copying 0 resource
2016-10-22 03:55:44,456 [Worker-48] INFO  o.e.m.c.i.embedder.EclipseLogger - Using 'UTF-8' encoding to copy filtered resources.
2016-10-22 03:55:44,458 [Worker-48] INFO  o.e.m.c.i.embedder.EclipseLogger - Copying 4 resources
2016-10-22 03:55:44,460 [Worker-48] INFO  o.e.m.c.i.embedder.EclipseLogger - Using 'UTF-8' encoding to copy filtered resources.
2016-10-22 03:55:44,461 [Worker-48] INFO  o.e.m.c.i.embedder.EclipseLogger - Copying 0 resource
2016-10-22 03:56:21,778 [Worker-59] INFO  o.e.m.c.i.embedder.EclipseLogger - Using 'UTF-8' encoding to copy filtered resources.
2016-10-22 03:56:21,779 [Worker-59] INFO  o.e.m.c.i.embedder.EclipseLogger - Copying 4 resources
2016-10-22 03:56:21,781 [Worker-59] INFO  o.e.m.c.i.embedder.EclipseLogger - Using 'UTF-8' encoding to copy filtered resources.
2016-10-22 03:56:21,782 [Worker-59] INFO  o.e.m.c.i.embedder.EclipseLogger - Copying 0 resource
2016-10-22 04:06:05,989 [Worker-59] INFO  o.e.m.c.i.embedder.EclipseLogger - Using 'UTF-8' encoding to copy filtered resources.
2016-10-22 04:06:05,991 [Worker-59] INFO  o.e.m.c.i.embedder.EclipseLogger - Copying 4 resources
2016-10-22 04:06:05,995 [Worker-59] INFO  o.e.m.c.i.embedder.EclipseLogger - Using 'UTF-8' encoding to copy filtered resources.
2016-10-22 04:06:05,996 [Worker-59] INFO  o.e.m.c.i.embedder.EclipseLogger - Copying 0 resource
2016-10-22 04:06:22,066 [Worker-63] INFO  o.e.m.c.i.embedder.EclipseLogger - Using 'UTF-8' encoding to copy filtered resources.
2016-10-22 04:06:22,067 [Worker-63] INFO  o.e.m.c.i.embedder.EclipseLogger - Copying 4 resources
2016-10-22 04:06:22,071 [Worker-63] INFO  o.e.m.c.i.embedder.EclipseLogger - Using 'UTF-8' encoding to copy filtered resources.
2016-10-22 04:06:22,071 [Worker-63] INFO  o.e.m.c.i.embedder.EclipseLogger - Copying 0 resource
2016-10-22 04:07:25,621 [Worker-59] INFO  o.e.m.c.i.embedder.EclipseLogger - Using 'UTF-8' encoding to copy filtered resources.
2016-10-22 04:07:25,622 [Worker-59] INFO  o.e.m.c.i.embedder.EclipseLogger - Copying 4 resources
2016-10-22 04:07:25,625 [Worker-59] INFO  o.e.m.c.i.embedder.EclipseLogger - Using 'UTF-8' encoding to copy filtered resources.
2016-10-22 04:07:25,625 [Worker-59] INFO  o.e.m.c.i.embedder.EclipseLogger - Copying 0 resource
2016-10-22 04:30:50,476 [Worker-65] INFO  o.e.m.c.i.embedder.EclipseLogger - Using 'UTF-8' encoding to copy filtered resources.
2016-10-22 04:30:50,476 [Worker-65] INFO  o.e.m.c.i.embedder.EclipseLogger - skip non existing resourceDirectory /Users/Ibrahim/bitcoinj-master/examples/src/main/resources
2016-10-22 04:30:50,478 [Worker-65] INFO  o.e.m.c.i.embedder.EclipseLogger - Using 'UTF-8' encoding to copy filtered resources.
2016-10-22 04:30:50,479 [Worker-65] INFO  o.e.m.c.i.embedder.EclipseLogger - skip non existing resourceDirectory /Users/Ibrahim/bitcoinj-master/examples/src/test/resources
2016-10-22 04:31:21,733 [Worker-59] INFO  o.e.m.c.i.embedder.EclipseLogger - Using 'UTF-8' encoding to copy filtered resources.
2016-10-22 04:31:21,733 [Worker-59] INFO  o.e.m.c.i.embedder.EclipseLogger - skip non existing resourceDirectory /Users/Ibrahim/bitcoinj-master/examples/src/main/resources
2016-10-22 04:31:21,735 [Worker-59] INFO  o.e.m.c.i.embedder.EclipseLogger - Using 'UTF-8' encoding to copy filtered resources.
2016-10-22 04:31:21,735 [Worker-59] INFO  o.e.m.c.i.embedder.EclipseLogger - skip non existing resourceDirectory /Users/Ibrahim/bitcoinj-master/examples/src/test/resources
2016-10-22 04:31:44,555 [Worker-65] INFO  o.e.m.c.i.embedder.EclipseLogger - Using 'UTF-8' encoding to copy filtered resources.
2016-10-22 04:31:44,555 [Worker-65] INFO  o.e.m.c.i.embedder.EclipseLogger - skip non existing resourceDirectory /Users/Ibrahim/bitcoinj-master/examples/src/main/resources
2016-10-22 04:31:44,558 [Worker-65] INFO  o.e.m.c.i.embedder.EclipseLogger - Using 'UTF-8' encoding to copy filtered resources.
2016-10-22 04:31:44,558 [Worker-65] INFO  o.e.m.c.i.embedder.EclipseLogger - skip non existing resourceDirectory /Users/Ibrahim/bitcoinj-master/examples/src/test/resources
2016-10-22 04:32:07,951 [Worker-59] INFO  o.e.m.c.i.embedder.EclipseLogger - Using 'UTF-8' encoding to copy filtered resources.
2016-10-22 04:32:07,951 [Worker-59] INFO  o.e.m.c.i.embedder.EclipseLogger - skip non existing resourceDirectory /Users/Ibrahim/bitcoinj-master/examples/src/main/resources
2016-10-22 04:32:07,952 [Worker-59] INFO  o.e.m.c.i.embedder.EclipseLogger - Using 'UTF-8' encoding to copy filtered resources.
2016-10-22 04:32:07,953 [Worker-59] INFO  o.e.m.c.i.embedder.EclipseLogger - skip non existing resourceDirectory /Users/Ibrahim/bitcoinj-master/examples/src/test/resources
2016-10-22 04:32:39,381 [Worker-65] INFO  o.e.m.c.i.embedder.EclipseLogger - Using 'UTF-8' encoding to copy filtered resources.
2016-10-22 04:32:39,382 [Worker-65] INFO  o.e.m.c.i.embedder.EclipseLogger - skip non existing resourceDirectory /Users/Ibrahim/bitcoinj-master/examples/src/main/resources
2016-10-22 04:32:39,383 [Worker-65] INFO  o.e.m.c.i.embedder.EclipseLogger - Using 'UTF-8' encoding to copy filtered resources.
2016-10-22 04:32:39,383 [Worker-65] INFO  o.e.m.c.i.embedder.EclipseLogger - skip non existing resourceDirectory /Users/Ibrahim/bitcoinj-master/examples/src/test/resources
2016-10-22 04:35:26,495 [Worker-66] INFO  o.e.m.c.i.embedder.EclipseLogger - Using 'UTF-8' encoding to copy filtered resources.
2016-10-22 04:35:26,495 [Worker-66] INFO  o.e.m.c.i.embedder.EclipseLogger - skip non existing resourceDirectory /Users/Ibrahim/bitcoinj-master/examples/src/main/resources
2016-10-22 04:35:26,497 [Worker-66] INFO  o.e.m.c.i.embedder.EclipseLogger - Using 'UTF-8' encoding to copy filtered resources.
2016-10-22 04:35:26,497 [Worker-66] INFO  o.e.m.c.i.embedder.EclipseLogger - skip non existing resourceDirectory /Users/Ibrahim/bitcoinj-master/examples/src/test/resources
2016-10-22 04:36:08,680 [Worker-66] INFO  o.e.m.c.i.embedder.EclipseLogger - Using 'UTF-8' encoding to copy filtered resources.
2016-10-22 04:36:08,680 [Worker-66] INFO  o.e.m.c.i.embedder.EclipseLogger - skip non existing resourceDirectory /Users/Ibrahim/bitcoinj-master/examples/src/main/resources
2016-10-22 04:36:08,681 [Worker-66] INFO  o.e.m.c.i.embedder.EclipseLogger - Using 'UTF-8' encoding to copy filtered resources.
2016-10-22 04:36:08,681 [Worker-66] INFO  o.e.m.c.i.embedder.EclipseLogger - skip non existing resourceDirectory /Users/Ibrahim/bitcoinj-master/examples/src/test/resources
2016-10-22 04:38:33,510 [Worker-65] INFO  o.e.m.c.i.embedder.EclipseLogger - Using 'UTF-8' encoding to copy filtered resources.
2016-10-22 04:38:33,510 [Worker-65] INFO  o.e.m.c.i.embedder.EclipseLogger - skip non existing resourceDirectory /Users/Ibrahim/bitcoinj-master/examples/src/main/resources
2016-10-22 04:38:33,513 [Worker-65] INFO  o.e.m.c.i.embedder.EclipseLogger - Using 'UTF-8' encoding to copy filtered resources.
2016-10-22 04:38:33,513 [Worker-65] INFO  o.e.m.c.i.embedder.EclipseLogger - skip non existing resourceDirectory /Users/Ibrahim/bitcoinj-master/examples/src/test/resources
2016-10-22 04:43:30,207 [Worker-59] INFO  o.e.m.c.i.embedder.EclipseLogger - Using 'UTF-8' encoding to copy filtered resources.
2016-10-22 04:43:30,207 [Worker-59] INFO  o.e.m.c.i.embedder.EclipseLogger - skip non existing resourceDirectory /Users/Ibrahim/bitcoinj-master/examples/src/main/resources
2016-10-22 04:43:30,209 [Worker-59] INFO  o.e.m.c.i.embedder.EclipseLogger - Using 'UTF-8' encoding to copy filtered resources.
2016-10-22 04:43:30,209 [Worker-59] INFO  o.e.m.c.i.embedder.EclipseLogger - skip non existing resourceDirectory /Users/Ibrahim/bitcoinj-master/examples/src/test/resources
2016-10-22 04:44:17,102 [Worker-65] INFO  o.e.m.c.i.embedder.EclipseLogger - Using 'UTF-8' encoding to copy filtered resources.
2016-10-22 04:44:17,102 [Worker-65] INFO  o.e.m.c.i.embedder.EclipseLogger - skip non existing resourceDirectory /Users/Ibrahim/bitcoinj-master/examples/src/main/resources
2016-10-22 04:44:17,104 [Worker-65] INFO  o.e.m.c.i.embedder.EclipseLogger - Using 'UTF-8' encoding to copy filtered resources.
2016-10-22 04:44:17,105 [Worker-65] INFO  o.e.m.c.i.embedder.EclipseLogger - skip non existing resourceDirectory /Users/Ibrahim/bitcoinj-master/examples/src/test/resources
2016-10-22 04:44:31,939 [Worker-69] INFO  o.e.m.c.i.embedder.EclipseLogger - Using 'UTF-8' encoding to copy filtered resources.
2016-10-22 04:44:31,940 [Worker-69] INFO  o.e.m.c.i.embedder.EclipseLogger - skip non existing resourceDirectory /Users/Ibrahim/bitcoinj-master/examples/src/main/resources
2016-10-22 04:44:31,942 [Worker-69] INFO  o.e.m.c.i.embedder.EclipseLogger - Using 'UTF-8' encoding to copy filtered resources.
2016-10-22 04:44:31,942 [Worker-69] INFO  o.e.m.c.i.embedder.EclipseLogger - skip non existing resourceDirectory /Users/Ibrahim/bitcoinj-master/examples/src/test/resources
2016-10-22 04:45:48,401 [Worker-59] INFO  o.e.m.c.i.embedder.EclipseLogger - Using 'UTF-8' encoding to copy filtered resources.
2016-10-22 04:45:48,402 [Worker-59] INFO  o.e.m.c.i.embedder.EclipseLogger - skip non existing resourceDirectory /Users/Ibrahim/bitcoinj-master/examples/src/main/resources
2016-10-22 04:45:48,403 [Worker-59] INFO  o.e.m.c.i.embedder.EclipseLogger - Using 'UTF-8' encoding to copy filtered resources.
2016-10-22 04:45:48,403 [Worker-59] INFO  o.e.m.c.i.embedder.EclipseLogger - skip non existing resourceDirectory /Users/Ibrahim/bitcoinj-master/examples/src/test/resources
2016-10-22 04:47:37,161 [Worker-65] INFO  o.e.m.c.i.embedder.EclipseLogger - Using 'UTF-8' encoding to copy filtered resources.
2016-10-22 04:47:37,161 [Worker-65] INFO  o.e.m.c.i.embedder.EclipseLogger - skip non existing resourceDirectory /Users/Ibrahim/bitcoinj-master/examples/src/main/resources
2016-10-22 04:47:37,162 [Worker-65] INFO  o.e.m.c.i.embedder.EclipseLogger - Using 'UTF-8' encoding to copy filtered resources.
2016-10-22 04:47:37,163 [Worker-65] INFO  o.e.m.c.i.embedder.EclipseLogger - skip non existing resourceDirectory /Users/Ibrahim/bitcoinj-master/examples/src/test/resources
2016-10-22 04:48:05,124 [Worker-65] INFO  o.e.m.c.i.embedder.EclipseLogger - Using 'UTF-8' encoding to copy filtered resources.
2016-10-22 04:48:05,124 [Worker-65] INFO  o.e.m.c.i.embedder.EclipseLogger - skip non existing resourceDirectory /Users/Ibrahim/bitcoinj-master/examples/src/main/resources
2016-10-22 04:48:05,125 [Worker-65] INFO  o.e.m.c.i.embedder.EclipseLogger - Using 'UTF-8' encoding to copy filtered resources.
2016-10-22 04:48:05,125 [Worker-65] INFO  o.e.m.c.i.embedder.EclipseLogger - skip non existing resourceDirectory /Users/Ibrahim/bitcoinj-master/examples/src/test/resources
2016-10-22 04:49:54,538 [Worker-65] INFO  o.e.m.c.i.embedder.EclipseLogger - Using 'UTF-8' encoding to copy filtered resources.
2016-10-22 04:49:54,538 [Worker-65] INFO  o.e.m.c.i.embedder.EclipseLogger - skip non existing resourceDirectory /Users/Ibrahim/bitcoinj-master/examples/src/main/resources
2016-10-22 04:49:54,540 [Worker-65] INFO  o.e.m.c.i.embedder.EclipseLogger - Using 'UTF-8' encoding to copy filtered resources.
2016-10-22 04:49:54,541 [Worker-65] INFO  o.e.m.c.i.embedder.EclipseLogger - skip non existing resourceDirectory /Users/Ibrahim/bitcoinj-master/examples/src/test/resources
2016-10-22 04:50:31,928 [Worker-65] INFO  o.e.m.c.i.embedder.EclipseLogger - Using 'UTF-8' encoding to copy filtered resources.
2016-10-22 04:50:31,928 [Worker-65] INFO  o.e.m.c.i.embedder.EclipseLogger - skip non existing resourceDirectory /Users/Ibrahim/bitcoinj-master/examples/src/main/resources
2016-10-22 04:50:31,931 [Worker-65] INFO  o.e.m.c.i.embedder.EclipseLogger - Using 'UTF-8' encoding to copy filtered resources.
2016-10-22 04:50:31,932 [Worker-65] INFO  o.e.m.c.i.embedder.EclipseLogger - skip non existing resourceDirectory /Users/Ibrahim/bitcoinj-master/examples/src/test/resources
2016-10-22 04:53:56,794 [Worker-59] INFO  o.e.m.c.i.embedder.EclipseLogger - Using 'UTF-8' encoding to copy filtered resources.
2016-10-22 04:53:56,795 [Worker-59] INFO  o.e.m.c.i.embedder.EclipseLogger - skip non existing resourceDirectory /Users/Ibrahim/bitcoinj-master/examples/src/main/resources
2016-10-22 04:53:56,796 [Worker-59] INFO  o.e.m.c.i.embedder.EclipseLogger - Using 'UTF-8' encoding to copy filtered resources.
2016-10-22 04:53:56,796 [Worker-59] INFO  o.e.m.c.i.embedder.EclipseLogger - skip non existing resourceDirectory /Users/Ibrahim/bitcoinj-master/examples/src/test/resources
2016-10-22 04:54:05,366 [Worker-69] INFO  o.e.m.c.i.embedder.EclipseLogger - Using 'UTF-8' encoding to copy filtered resources.
2016-10-22 04:54:05,367 [Worker-69] INFO  o.e.m.c.i.embedder.EclipseLogger - skip non existing resourceDirectory /Users/Ibrahim/bitcoinj-master/examples/src/main/resources
2016-10-22 04:54:05,368 [Worker-69] INFO  o.e.m.c.i.embedder.EclipseLogger - Using 'UTF-8' encoding to copy filtered resources.
2016-10-22 04:54:05,368 [Worker-69] INFO  o.e.m.c.i.embedder.EclipseLogger - skip non existing resourceDirectory /Users/Ibrahim/bitcoinj-master/examples/src/test/resources
2016-10-22 04:55:06,772 [Worker-71] INFO  o.e.m.c.i.embedder.EclipseLogger - Using 'UTF-8' encoding to copy filtered resources.
2016-10-22 04:55:06,773 [Worker-71] INFO  o.e.m.c.i.embedder.EclipseLogger - skip non existing resourceDirectory /Users/Ibrahim/bitcoinj-master/examples/src/main/resources
2016-10-22 04:55:06,774 [Worker-71] INFO  o.e.m.c.i.embedder.EclipseLogger - Using 'UTF-8' encoding to copy filtered resources.
2016-10-22 04:55:06,774 [Worker-71] INFO  o.e.m.c.i.embedder.EclipseLogger - skip non existing resourceDirectory /Users/Ibrahim/bitcoinj-master/examples/src/test/resources
2016-10-22 05:03:19,696 [Worker-73] INFO  o.e.m.c.i.embedder.EclipseLogger - Using 'UTF-8' encoding to copy filtered resources.
2016-10-22 05:03:19,696 [Worker-73] INFO  o.e.m.c.i.embedder.EclipseLogger - skip non existing resourceDirectory /Users/Ibrahim/bitcoinj-master/examples/src/main/resources
2016-10-22 05:03:19,697 [Worker-73] INFO  o.e.m.c.i.embedder.EclipseLogger - Using 'UTF-8' encoding to copy filtered resources.
2016-10-22 05:03:19,697 [Worker-73] INFO  o.e.m.c.i.embedder.EclipseLogger - skip non existing resourceDirectory /Users/Ibrahim/bitcoinj-master/examples/src/test/resources
2016-10-22 05:07:11,089 [Worker-59] INFO  o.e.m.c.i.embedder.EclipseLogger - Using 'UTF-8' encoding to copy filtered resources.
2016-10-22 05:07:11,089 [Worker-59] INFO  o.e.m.c.i.embedder.EclipseLogger - skip non existing resourceDirectory /Users/Ibrahim/bitcoinj-master/examples/src/main/resources
2016-10-22 05:07:11,090 [Worker-59] INFO  o.e.m.c.i.embedder.EclipseLogger - Using 'UTF-8' encoding to copy filtered resources.
2016-10-22 05:07:11,090 [Worker-59] INFO  o.e.m.c.i.embedder.EclipseLogger - skip non existing resourceDirectory /Users/Ibrahim/bitcoinj-master/examples/src/test/resources
2016-10-22 05:47:16,295 [Worker-59] INFO  o.e.m.c.i.embedder.EclipseLogger - Using 'UTF-8' encoding to copy filtered resources.
2016-10-22 05:47:16,297 [Worker-59] INFO  o.e.m.c.i.embedder.EclipseLogger - skip non existing resourceDirectory /Users/Ibrahim/bitcoinj-master/examples/src/main/resources
2016-10-22 05:47:16,300 [Worker-59] INFO  o.e.m.c.i.embedder.EclipseLogger - Using 'UTF-8' encoding to copy filtered resources.
2016-10-22 05:47:16,300 [Worker-59] INFO  o.e.m.c.i.embedder.EclipseLogger - skip non existing resourceDirectory /Users/Ibrahim/bitcoinj-master/examples/src/test/resources
2016-10-22 15:12:20,514 [Worker-0] INFO  c.g.t.t.d.PublishedGradleVersions - Gradle version information cache is up-to-date. Trying to read.
2016-10-22 15:44:29,571 [Worker-49] INFO  o.e.m.c.i.embedder.EclipseLogger - Using 'UTF-8' encoding to copy filtered resources.
2016-10-22 15:44:29,588 [Worker-49] INFO  o.e.m.c.i.embedder.EclipseLogger - Copying 4 resources
2016-10-22 15:44:29,607 [Worker-49] INFO  o.e.m.c.i.embedder.EclipseLogger - Using 'UTF-8' encoding to copy filtered resources.
2016-10-22 15:44:29,610 [Worker-49] INFO  o.e.m.c.i.embedder.EclipseLogger - Copying 27 resources
2016-10-22 15:50:50,217 [Worker-53] INFO  o.e.m.c.i.embedder.EclipseLogger - Using 'UTF-8' encoding to copy filtered resources.
2016-10-22 15:50:50,217 [Worker-53] INFO  o.e.m.c.i.embedder.EclipseLogger - skip non existing resourceDirectory /Users/Ibrahim/bitcoinj-master/examples/src/main/resources
2016-10-22 15:50:50,220 [Worker-53] INFO  o.e.m.c.i.embedder.EclipseLogger - Using 'UTF-8' encoding to copy filtered resources.
2016-10-22 15:50:50,220 [Worker-53] INFO  o.e.m.c.i.embedder.EclipseLogger - skip non existing resourceDirectory /Users/Ibrahim/bitcoinj-master/examples/src/test/resources
2016-10-22 15:56:32,993 [Worker-17] INFO  o.e.m.c.i.embedder.EclipseLogger - Using 'UTF-8' encoding to copy filtered resources.
2016-10-22 15:56:32,993 [Worker-17] INFO  o.e.m.c.i.embedder.EclipseLogger - skip non existing resourceDirectory /Users/Ibrahim/bitcoinj-master/examples/src/main/resources
2016-10-22 15:56:32,995 [Worker-17] INFO  o.e.m.c.i.embedder.EclipseLogger - Using 'UTF-8' encoding to copy filtered resources.
2016-10-22 15:56:32,995 [Worker-17] INFO  o.e.m.c.i.embedder.EclipseLogger - skip non existing resourceDirectory /Users/Ibrahim/bitcoinj-master/examples/src/test/resources
2016-10-22 16:31:26,610 [Worker-61] INFO  o.e.m.c.i.embedder.EclipseLogger - Using 'UTF-8' encoding to copy filtered resources.
2016-10-22 16:31:26,613 [Worker-61] INFO  o.e.m.c.i.embedder.EclipseLogger - skip non existing resourceDirectory /Users/Ibrahim/bitcoinj-master/examples/src/main/resources
2016-10-22 16:31:26,615 [Worker-61] INFO  o.e.m.c.i.embedder.EclipseLogger - Using 'UTF-8' encoding to copy filtered resources.
2016-10-22 16:31:26,616 [Worker-61] INFO  o.e.m.c.i.embedder.EclipseLogger - skip non existing resourceDirectory /Users/Ibrahim/bitcoinj-master/examples/src/test/resources
2016-10-22 16:31:37,437 [Worker-63] INFO  o.e.m.c.i.embedder.EclipseLogger - Using 'UTF-8' encoding to copy filtered resources.
2016-10-22 16:31:37,437 [Worker-63] INFO  o.e.m.c.i.embedder.EclipseLogger - skip non existing resourceDirectory /Users/Ibrahim/bitcoinj-master/examples/src/main/resources
2016-10-22 16:31:37,439 [Worker-63] INFO  o.e.m.c.i.embedder.EclipseLogger - Using 'UTF-8' encoding to copy filtered resources.
2016-10-22 16:31:37,439 [Worker-63] INFO  o.e.m.c.i.embedder.EclipseLogger - skip non existing resourceDirectory /Users/Ibrahim/bitcoinj-master/examples/src/test/resources
2016-10-22 16:31:45,911 [Worker-63] INFO  o.e.m.c.i.embedder.EclipseLogger - Using 'UTF-8' encoding to copy filtered resources.
2016-10-22 16:31:45,911 [Worker-63] INFO  o.e.m.c.i.embedder.EclipseLogger - skip non existing resourceDirectory /Users/Ibrahim/bitcoinj-master/examples/src/main/resources
2016-10-22 16:31:45,912 [Worker-63] INFO  o.e.m.c.i.embedder.EclipseLogger - Using 'UTF-8' encoding to copy filtered resources.
2016-10-22 16:31:45,913 [Worker-63] INFO  o.e.m.c.i.embedder.EclipseLogger - skip non existing resourceDirectory /Users/Ibrahim/bitcoinj-master/examples/src/test/resources
2016-10-22 16:45:13,931 [Worker-72] INFO  o.e.m.c.i.embedder.EclipseLogger - Using 'UTF-8' encoding to copy filtered resources.
2016-10-22 16:45:13,931 [Worker-72] INFO  o.e.m.c.i.embedder.EclipseLogger - skip non existing resourceDirectory /Users/Ibrahim/bitcoinj-master/examples/src/main/resources
2016-10-22 16:45:13,933 [Worker-72] INFO  o.e.m.c.i.embedder.EclipseLogger - Using 'UTF-8' encoding to copy filtered resources.
2016-10-22 16:45:13,933 [Worker-72] INFO  o.e.m.c.i.embedder.EclipseLogger - skip non existing resourceDirectory /Users/Ibrahim/bitcoinj-master/examples/src/test/resources
2016-10-22 17:04:57,592 [Worker-72] INFO  o.e.m.c.i.embedder.EclipseLogger - Using 'UTF-8' encoding to copy filtered resources.
2016-10-22 17:04:57,592 [Worker-72] INFO  o.e.m.c.i.embedder.EclipseLogger - skip non existing resourceDirectory /Users/Ibrahim/bitcoinj-master/examples/src/main/resources
2016-10-22 17:04:57,593 [Worker-72] INFO  o.e.m.c.i.embedder.EclipseLogger - Using 'UTF-8' encoding to copy filtered resources.
2016-10-22 17:04:57,593 [Worker-72] INFO  o.e.m.c.i.embedder.EclipseLogger - skip non existing resourceDirectory /Users/Ibrahim/bitcoinj-master/examples/src/test/resources
2016-10-22 17:08:52,078 [Worker-59] INFO  o.e.m.c.i.embedder.EclipseLogger - Using 'UTF-8' encoding to copy filtered resources.
2016-10-22 17:08:52,079 [Worker-59] INFO  o.e.m.c.i.embedder.EclipseLogger - skip non existing resourceDirectory /Users/Ibrahim/bitcoinj-master/examples/src/main/resources
2016-10-22 17:08:52,080 [Worker-59] INFO  o.e.m.c.i.embedder.EclipseLogger - Using 'UTF-8' encoding to copy filtered resources.
2016-10-22 17:08:52,081 [Worker-59] INFO  o.e.m.c.i.embedder.EclipseLogger - skip non existing resourceDirectory /Users/Ibrahim/bitcoinj-master/examples/src/test/resources
2016-10-22 17:12:03,488 [Worker-81] INFO  o.e.m.c.i.embedder.EclipseLogger - Using 'UTF-8' encoding to copy filtered resources.
2016-10-22 17:12:03,488 [Worker-81] INFO  o.e.m.c.i.embedder.EclipseLogger - skip non existing resourceDirectory /Users/Ibrahim/bitcoinj-master/examples/src/main/resources
2016-10-22 17:12:03,490 [Worker-81] INFO  o.e.m.c.i.embedder.EclipseLogger - Using 'UTF-8' encoding to copy filtered resources.
2016-10-22 17:12:03,490 [Worker-81] INFO  o.e.m.c.i.embedder.EclipseLogger - skip non existing resourceDirectory /Users/Ibrahim/bitcoinj-master/examples/src/test/resources
2016-10-23 15:57:49,650 [Worker-103] INFO  o.e.m.c.i.embedder.EclipseLogger - Using 'UTF-8' encoding to copy filtered resources.
2016-10-23 15:57:49,651 [Worker-103] INFO  o.e.m.c.i.embedder.EclipseLogger - skip non existing resourceDirectory /Users/Ibrahim/bitcoinj-master/examples/src/main/resources
2016-10-23 15:57:49,653 [Worker-103] INFO  o.e.m.c.i.embedder.EclipseLogger - Using 'UTF-8' encoding to copy filtered resources.
2016-10-23 15:57:49,653 [Worker-103] INFO  o.e.m.c.i.embedder.EclipseLogger - skip non existing resourceDirectory /Users/Ibrahim/bitcoinj-master/examples/src/test/resources
2016-10-25 18:31:15,275 [Worker-4] INFO  o.e.m.c.i.embedder.EclipseLogger - Using 'UTF-8' encoding to copy filtered resources.
2016-10-25 18:31:15,328 [Worker-4] INFO  o.e.m.c.i.embedder.EclipseLogger - skip non existing resourceDirectory /Users/Ibrahim/bitcoinj-master/examples/src/main/resources
2016-10-25 18:31:15,331 [Worker-4] INFO  o.e.m.c.i.embedder.EclipseLogger - Using 'UTF-8' encoding to copy filtered resources.
2016-10-25 18:31:15,332 [Worker-4] INFO  o.e.m.c.i.embedder.EclipseLogger - skip non existing resourceDirectory /Users/Ibrahim/bitcoinj-master/examples/src/test/resources
2016-10-26 13:28:18,182 [Worker-3] INFO  o.e.m.c.i.embedder.EclipseLogger - Using 'UTF-8' encoding to copy filtered resources.
2016-10-26 13:28:18,191 [Worker-3] INFO  o.e.m.c.i.embedder.EclipseLogger - skip non existing resourceDirectory /Users/Ibrahim/bitcoinj-master/examples/src/main/resources
2016-10-26 13:28:18,195 [Worker-3] INFO  o.e.m.c.i.embedder.EclipseLogger - Using 'UTF-8' encoding to copy filtered resources.
2016-10-26 13:28:18,195 [Worker-3] INFO  o.e.m.c.i.embedder.EclipseLogger - skip non existing resourceDirectory /Users/Ibrahim/bitcoinj-master/examples/src/test/resources
2016-10-26 13:29:28,857 [Worker-1] INFO  c.g.t.t.d.PublishedGradleVersions - Gradle version information cache is out-of-date. Trying to update.
2016-10-26 13:56:44,547 [Worker-1] INFO  o.e.m.c.i.embedder.EclipseLogger - Using 'UTF-8' encoding to copy filtered resources.
2016-10-26 13:56:44,548 [Worker-1] INFO  o.e.m.c.i.embedder.EclipseLogger - skip non existing resourceDirectory /Users/Ibrahim/bitcoinj-master/examples/src/main/resources
2016-10-26 13:56:44,549 [Worker-1] INFO  o.e.m.c.i.embedder.EclipseLogger - Using 'UTF-8' encoding to copy filtered resources.
2016-10-26 13:56:44,549 [Worker-1] INFO  o.e.m.c.i.embedder.EclipseLogger - skip non existing resourceDirectory /Users/Ibrahim/bitcoinj-master/examples/src/test/resources
2016-10-26 14:15:23,996 [Worker-34] INFO  o.e.m.c.i.embedder.EclipseLogger - Using 'UTF-8' encoding to copy filtered resources.
2016-10-26 14:15:23,997 [Worker-34] INFO  o.e.m.c.i.embedder.EclipseLogger - skip non existing resourceDirectory /Users/Ibrahim/bitcoinj-master/examples/src/main/resources
2016-10-26 14:15:23,999 [Worker-34] INFO  o.e.m.c.i.embedder.EclipseLogger - Using 'UTF-8' encoding to copy filtered resources.
2016-10-26 14:15:23,999 [Worker-34] INFO  o.e.m.c.i.embedder.EclipseLogger - skip non existing resourceDirectory /Users/Ibrahim/bitcoinj-master/examples/src/test/resources
2016-10-26 14:15:57,841 [Worker-20] INFO  o.e.m.c.i.embedder.EclipseLogger - Using 'UTF-8' encoding to copy filtered resources.
2016-10-26 14:15:57,841 [Worker-20] INFO  o.e.m.c.i.embedder.EclipseLogger - skip non existing resourceDirectory /Users/Ibrahim/bitcoinj-master/examples/src/main/resources
2016-10-26 14:15:57,844 [Worker-20] INFO  o.e.m.c.i.embedder.EclipseLogger - Using 'UTF-8' encoding to copy filtered resources.
2016-10-26 14:15:57,844 [Worker-20] INFO  o.e.m.c.i.embedder.EclipseLogger - skip non existing resourceDirectory /Users/Ibrahim/bitcoinj-master/examples/src/test/resources
2016-10-26 14:45:28,587 [Worker-39] INFO  o.e.m.c.i.embedder.EclipseLogger - Using 'UTF-8' encoding to copy filtered resources.
2016-10-26 14:45:28,588 [Worker-39] INFO  o.e.m.c.i.embedder.EclipseLogger - skip non existing resourceDirectory /Users/Ibrahim/bitcoinj-master/examples/src/main/resources
2016-10-26 14:45:28,590 [Worker-39] INFO  o.e.m.c.i.embedder.EclipseLogger - Using 'UTF-8' encoding to copy filtered resources.
2016-10-26 14:45:28,590 [Worker-39] INFO  o.e.m.c.i.embedder.EclipseLogger - skip non existing resourceDirectory /Users/Ibrahim/bitcoinj-master/examples/src/test/resources
2016-10-26 15:31:50,588 [Worker-43] INFO  o.e.m.c.i.embedder.EclipseLogger - Using 'UTF-8' encoding to copy filtered resources.
2016-10-26 15:31:50,589 [Worker-43] INFO  o.e.m.c.i.embedder.EclipseLogger - skip non existing resourceDirectory /Users/Ibrahim/bitcoinj-master/examples/src/main/resources
2016-10-26 15:31:50,591 [Worker-43] INFO  o.e.m.c.i.embedder.EclipseLogger - Using 'UTF-8' encoding to copy filtered resources.
2016-10-26 15:31:50,591 [Worker-43] INFO  o.e.m.c.i.embedder.EclipseLogger - skip non existing resourceDirectory /Users/Ibrahim/bitcoinj-master/examples/src/test/resources
2016-10-26 15:31:55,938 [Worker-43] INFO  o.e.m.c.i.embedder.EclipseLogger - Using 'UTF-8' encoding to copy filtered resources.
2016-10-26 15:31:55,939 [Worker-43] INFO  o.e.m.c.i.embedder.EclipseLogger - skip non existing resourceDirectory /Users/Ibrahim/bitcoinj-master/examples/src/main/resources
2016-10-26 15:31:55,941 [Worker-43] INFO  o.e.m.c.i.embedder.EclipseLogger - Using 'UTF-8' encoding to copy filtered resources.
2016-10-26 15:31:55,941 [Worker-43] INFO  o.e.m.c.i.embedder.EclipseLogger - skip non existing resourceDirectory /Users/Ibrahim/bitcoinj-master/examples/src/test/resources
2016-10-26 15:32:17,065 [Worker-39] INFO  o.e.m.c.i.embedder.EclipseLogger - Using 'UTF-8' encoding to copy filtered resources.
2016-10-26 15:32:17,065 [Worker-39] INFO  o.e.m.c.i.embedder.EclipseLogger - skip non existing resourceDirectory /Users/Ibrahim/bitcoinj-master/examples/src/main/resources
2016-10-26 15:32:17,068 [Worker-39] INFO  o.e.m.c.i.embedder.EclipseLogger - Using 'UTF-8' encoding to copy filtered resources.
2016-10-26 15:32:17,068 [Worker-39] INFO  o.e.m.c.i.embedder.EclipseLogger - skip non existing resourceDirectory /Users/Ibrahim/bitcoinj-master/examples/src/test/resources
2016-10-26 17:02:28,826 [Worker-56] INFO  o.e.m.c.i.embedder.EclipseLogger - Using 'UTF-8' encoding to copy filtered resources.
2016-10-26 17:02:28,857 [Worker-56] INFO  o.e.m.c.i.embedder.EclipseLogger - Copying 4 resources
2016-10-26 17:02:28,904 [Worker-56] INFO  o.e.m.c.i.embedder.EclipseLogger - Using 'UTF-8' encoding to copy filtered resources.
2016-10-26 17:02:28,912 [Worker-56] INFO  o.e.m.c.i.embedder.EclipseLogger - Copying 27 resources
2016-10-26 17:24:53,475 [Worker-67] INFO  o.e.m.c.i.embedder.EclipseLogger - Using 'UTF-8' encoding to copy filtered resources.
2016-10-26 17:24:53,475 [Worker-67] INFO  o.e.m.c.i.embedder.EclipseLogger - skip non existing resourceDirectory /Users/Ibrahim/bitcoinj-master/examples/src/main/resources
2016-10-26 17:24:53,478 [Worker-67] INFO  o.e.m.c.i.embedder.EclipseLogger - Using 'UTF-8' encoding to copy filtered resources.
2016-10-26 17:24:53,478 [Worker-67] INFO  o.e.m.c.i.embedder.EclipseLogger - skip non existing resourceDirectory /Users/Ibrahim/bitcoinj-master/examples/src/test/resources
2016-10-26 17:44:12,218 [Worker-67] INFO  o.e.m.c.i.embedder.EclipseLogger - Using 'UTF-8' encoding to copy filtered resources.
2016-10-26 17:44:12,226 [Worker-67] INFO  o.e.m.c.i.embedder.EclipseLogger - Copying 4 resources
2016-10-26 17:44:12,234 [Worker-67] INFO  o.e.m.c.i.embedder.EclipseLogger - Using 'UTF-8' encoding to copy filtered resources.
2016-10-26 17:44:12,235 [Worker-67] INFO  o.e.m.c.i.embedder.EclipseLogger - Copying 0 resource
2016-10-26 17:54:39,014 [Worker-93] INFO  o.e.m.c.i.embedder.EclipseLogger - Using 'UTF-8' encoding to copy filtered resources.
2016-10-26 17:54:39,015 [Worker-93] INFO  o.e.m.c.i.embedder.EclipseLogger - skip non existing resourceDirectory /Users/Ibrahim/bitcoinj-master/examples/src/main/resources
2016-10-26 17:54:39,017 [Worker-93] INFO  o.e.m.c.i.embedder.EclipseLogger - Using 'UTF-8' encoding to copy filtered resources.
2016-10-26 17:54:39,017 [Worker-93] INFO  o.e.m.c.i.embedder.EclipseLogger - skip non existing resourceDirectory /Users/Ibrahim/bitcoinj-master/examples/src/test/resources
2016-10-26 18:01:00,341 [Worker-86] INFO  o.e.m.c.i.embedder.EclipseLogger - Using 'UTF-8' encoding to copy filtered resources.
2016-10-26 18:01:00,342 [Worker-86] INFO  o.e.m.c.i.embedder.EclipseLogger - skip non existing resourceDirectory /Users/Ibrahim/bitcoinj-master/examples/src/main/resources
2016-10-26 18:01:00,344 [Worker-86] INFO  o.e.m.c.i.embedder.EclipseLogger - Using 'UTF-8' encoding to copy filtered resources.
2016-10-26 18:01:00,344 [Worker-86] INFO  o.e.m.c.i.embedder.EclipseLogger - skip non existing resourceDirectory /Users/Ibrahim/bitcoinj-master/examples/src/test/resources
2016-10-26 18:06:00,144 [Worker-103] INFO  o.e.m.c.i.embedder.EclipseLogger - Using 'UTF-8' encoding to copy filtered resources.
2016-10-26 18:06:00,144 [Worker-103] INFO  o.e.m.c.i.embedder.EclipseLogger - skip non existing resourceDirectory /Users/Ibrahim/bitcoinj-master/examples/src/main/resources
2016-10-26 18:06:00,146 [Worker-103] INFO  o.e.m.c.i.embedder.EclipseLogger - Using 'UTF-8' encoding to copy filtered resources.
2016-10-26 18:06:00,146 [Worker-103] INFO  o.e.m.c.i.embedder.EclipseLogger - skip non existing resourceDirectory /Users/Ibrahim/bitcoinj-master/examples/src/test/resources
2016-10-26 18:23:08,938 [Worker-96] INFO  o.e.m.c.i.embedder.EclipseLogger - Using 'UTF-8' encoding to copy filtered resources.
2016-10-26 18:23:08,943 [Worker-96] INFO  o.e.m.c.i.embedder.EclipseLogger - skip non existing resourceDirectory /Users/Ibrahim/bitcoinj-master/examples/src/main/resources
2016-10-26 18:23:08,946 [Worker-96] INFO  o.e.m.c.i.embedder.EclipseLogger - Using 'UTF-8' encoding to copy filtered resources.
2016-10-26 18:23:08,946 [Worker-96] INFO  o.e.m.c.i.embedder.EclipseLogger - skip non existing resourceDirectory /Users/Ibrahim/bitcoinj-master/examples/src/test/resources
2016-10-26 18:25:54,961 [Worker-85] INFO  o.e.m.c.i.embedder.EclipseLogger - Using 'UTF-8' encoding to copy filtered resources.
2016-10-26 18:25:54,962 [Worker-85] INFO  o.e.m.c.i.embedder.EclipseLogger - skip non existing resourceDirectory /Users/Ibrahim/bitcoinj-master/examples/src/main/resources
2016-10-26 18:25:54,965 [Worker-85] INFO  o.e.m.c.i.embedder.EclipseLogger - Using 'UTF-8' encoding to copy filtered resources.
2016-10-26 18:25:54,965 [Worker-85] INFO  o.e.m.c.i.embedder.EclipseLogger - skip non existing resourceDirectory /Users/Ibrahim/bitcoinj-master/examples/src/test/resources
2016-10-26 18:32:17,392 [Worker-108] INFO  o.e.m.c.i.embedder.EclipseLogger - Using 'UTF-8' encoding to copy filtered resources.
2016-10-26 18:32:17,392 [Worker-108] INFO  o.e.m.c.i.embedder.EclipseLogger - skip non existing resourceDirectory /Users/Ibrahim/bitcoinj-master/examples/src/main/resources
2016-10-26 18:32:17,395 [Worker-108] INFO  o.e.m.c.i.embedder.EclipseLogger - Using 'UTF-8' encoding to copy filtered resources.
2016-10-26 18:32:17,395 [Worker-108] INFO  o.e.m.c.i.embedder.EclipseLogger - skip non existing resourceDirectory /Users/Ibrahim/bitcoinj-master/examples/src/test/resources
2016-10-26 18:34:15,943 [Worker-121] INFO  o.e.m.c.i.embedder.EclipseLogger - Using 'UTF-8' encoding to copy filtered resources.
2016-10-26 18:34:15,943 [Worker-121] INFO  o.e.m.c.i.embedder.EclipseLogger - skip non existing resourceDirectory /Users/Ibrahim/bitcoinj-master/examples/src/main/resources
2016-10-26 18:34:15,945 [Worker-121] INFO  o.e.m.c.i.embedder.EclipseLogger - Using 'UTF-8' encoding to copy filtered resources.
2016-10-26 18:34:15,945 [Worker-121] INFO  o.e.m.c.i.embedder.EclipseLogger - skip non existing resourceDirectory /Users/Ibrahim/bitcoinj-master/examples/src/test/resources
2016-10-26 18:38:19,463 [Worker-122] INFO  o.e.m.c.i.embedder.EclipseLogger - Using 'UTF-8' encoding to copy filtered resources.
2016-10-26 18:38:19,463 [Worker-122] INFO  o.e.m.c.i.embedder.EclipseLogger - skip non existing resourceDirectory /Users/Ibrahim/bitcoinj-master/examples/src/main/resources
2016-10-26 18:38:19,465 [Worker-122] INFO  o.e.m.c.i.embedder.EclipseLogger - Using 'UTF-8' encoding to copy filtered resources.
2016-10-26 18:38:19,465 [Worker-122] INFO  o.e.m.c.i.embedder.EclipseLogger - skip non existing resourceDirectory /Users/Ibrahim/bitcoinj-master/examples/src/test/resources
2016-10-27 00:17:55,469 [Worker-145] INFO  o.e.m.c.i.embedder.EclipseLogger - Using 'UTF-8' encoding to copy filtered resources.
2016-10-27 00:17:55,470 [Worker-145] INFO  o.e.m.c.i.embedder.EclipseLogger - skip non existing resourceDirectory /Users/Ibrahim/bitcoinj-master/examples/src/main/resources
2016-10-27 00:17:55,472 [Worker-145] INFO  o.e.m.c.i.embedder.EclipseLogger - Using 'UTF-8' encoding to copy filtered resources.
2016-10-27 00:17:55,473 [Worker-145] INFO  o.e.m.c.i.embedder.EclipseLogger - skip non existing resourceDirectory /Users/Ibrahim/bitcoinj-master/examples/src/test/resources
2016-10-27 00:30:50,422 [Worker-151] INFO  o.e.m.c.i.embedder.EclipseLogger - Using 'UTF-8' encoding to copy filtered resources.
2016-10-27 00:30:50,422 [Worker-151] INFO  o.e.m.c.i.embedder.EclipseLogger - skip non existing resourceDirectory /Users/Ibrahim/bitcoinj-master/examples/src/main/resources
2016-10-27 00:30:50,423 [Worker-151] INFO  o.e.m.c.i.embedder.EclipseLogger - Using 'UTF-8' encoding to copy filtered resources.
2016-10-27 00:30:50,424 [Worker-151] INFO  o.e.m.c.i.embedder.EclipseLogger - skip non existing resourceDirectory /Users/Ibrahim/bitcoinj-master/examples/src/test/resources
2016-10-27 00:32:38,281 [Worker-150] INFO  o.e.m.c.i.embedder.EclipseLogger - Using 'UTF-8' encoding to copy filtered resources.
2016-10-27 00:32:38,281 [Worker-150] INFO  o.e.m.c.i.embedder.EclipseLogger - skip non existing resourceDirectory /Users/Ibrahim/bitcoinj-master/examples/src/main/resources
2016-10-27 00:32:38,284 [Worker-150] INFO  o.e.m.c.i.embedder.EclipseLogger - Using 'UTF-8' encoding to copy filtered resources.
2016-10-27 00:32:38,284 [Worker-150] INFO  o.e.m.c.i.embedder.EclipseLogger - skip non existing resourceDirectory /Users/Ibrahim/bitcoinj-master/examples/src/test/resources
2016-10-27 00:38:01,162 [Worker-153] INFO  o.e.m.c.i.embedder.EclipseLogger - Using 'UTF-8' encoding to copy filtered resources.
2016-10-27 00:38:01,162 [Worker-153] INFO  o.e.m.c.i.embedder.EclipseLogger - skip non existing resourceDirectory /Users/Ibrahim/bitcoinj-master/examples/src/main/resources
2016-10-27 00:38:01,164 [Worker-153] INFO  o.e.m.c.i.embedder.EclipseLogger - Using 'UTF-8' encoding to copy filtered resources.
2016-10-27 00:38:01,164 [Worker-153] INFO  o.e.m.c.i.embedder.EclipseLogger - skip non existing resourceDirectory /Users/Ibrahim/bitcoinj-master/examples/src/test/resources
2016-10-27 00:42:52,431 [Worker-175] INFO  o.e.m.c.i.embedder.EclipseLogger - Using 'UTF-8' encoding to copy filtered resources.
2016-10-27 00:42:52,431 [Worker-175] INFO  o.e.m.c.i.embedder.EclipseLogger - skip non existing resourceDirectory /Users/Ibrahim/bitcoinj-master/examples/src/main/resources
2016-10-27 00:42:52,432 [Worker-175] INFO  o.e.m.c.i.embedder.EclipseLogger - Using 'UTF-8' encoding to copy filtered resources.
2016-10-27 00:42:52,433 [Worker-175] INFO  o.e.m.c.i.embedder.EclipseLogger - skip non existing resourceDirectory /Users/Ibrahim/bitcoinj-master/examples/src/test/resources
2016-10-27 00:46:11,659 [Worker-180] INFO  o.e.m.c.i.embedder.EclipseLogger - Using 'UTF-8' encoding to copy filtered resources.
2016-10-27 00:46:11,660 [Worker-180] INFO  o.e.m.c.i.embedder.EclipseLogger - skip non existing resourceDirectory /Users/Ibrahim/bitcoinj-master/examples/src/main/resources
2016-10-27 00:46:11,661 [Worker-180] INFO  o.e.m.c.i.embedder.EclipseLogger - Using 'UTF-8' encoding to copy filtered resources.
2016-10-27 00:46:11,662 [Worker-180] INFO  o.e.m.c.i.embedder.EclipseLogger - skip non existing resourceDirectory /Users/Ibrahim/bitcoinj-master/examples/src/test/resources
2016-10-27 00:53:42,119 [Worker-198] INFO  o.e.m.c.i.embedder.EclipseLogger - Using 'UTF-8' encoding to copy filtered resources.
2016-10-27 00:53:42,119 [Worker-198] INFO  o.e.m.c.i.embedder.EclipseLogger - skip non existing resourceDirectory /Users/Ibrahim/bitcoinj-master/examples/src/main/resources
2016-10-27 00:53:42,121 [Worker-198] INFO  o.e.m.c.i.embedder.EclipseLogger - Using 'UTF-8' encoding to copy filtered resources.
2016-10-27 00:53:42,121 [Worker-198] INFO  o.e.m.c.i.embedder.EclipseLogger - skip non existing resourceDirectory /Users/Ibrahim/bitcoinj-master/examples/src/test/resources
2016-10-27 00:53:50,658 [Worker-166] INFO  o.e.m.c.i.embedder.EclipseLogger - Using 'UTF-8' encoding to copy filtered resources.
2016-10-27 00:53:50,659 [Worker-166] INFO  o.e.m.c.i.embedder.EclipseLogger - skip non existing resourceDirectory /Users/Ibrahim/bitcoinj-master/examples/src/main/resources
2016-10-27 00:53:50,663 [Worker-166] INFO  o.e.m.c.i.embedder.EclipseLogger - Using 'UTF-8' encoding to copy filtered resources.
2016-10-27 00:53:50,663 [Worker-166] INFO  o.e.m.c.i.embedder.EclipseLogger - skip non existing resourceDirectory /Users/Ibrahim/bitcoinj-master/examples/src/test/resources
2016-10-27 01:01:29,404 [Worker-209] INFO  o.e.m.c.i.embedder.EclipseLogger - Using 'UTF-8' encoding to copy filtered resources.
2016-10-27 01:01:29,404 [Worker-209] INFO  o.e.m.c.i.embedder.EclipseLogger - skip non existing resourceDirectory /Users/Ibrahim/bitcoinj-master/examples/src/main/resources
2016-10-27 01:01:29,406 [Worker-209] INFO  o.e.m.c.i.embedder.EclipseLogger - Using 'UTF-8' encoding to copy filtered resources.
2016-10-27 01:01:29,406 [Worker-209] INFO  o.e.m.c.i.embedder.EclipseLogger - skip non existing resourceDirectory /Users/Ibrahim/bitcoinj-master/examples/src/test/resources
2016-10-27 01:10:15,798 [Worker-215] INFO  o.e.m.c.i.embedder.EclipseLogger - Using 'UTF-8' encoding to copy filtered resources.
2016-10-27 01:10:15,800 [Worker-215] INFO  o.e.m.c.i.embedder.EclipseLogger - skip non existing resourceDirectory /Users/Ibrahim/bitcoinj-master/examples/src/main/resources
2016-10-27 01:10:15,801 [Worker-215] INFO  o.e.m.c.i.embedder.EclipseLogger - Using 'UTF-8' encoding to copy filtered resources.
2016-10-27 01:10:15,802 [Worker-215] INFO  o.e.m.c.i.embedder.EclipseLogger - skip non existing resourceDirectory /Users/Ibrahim/bitcoinj-master/examples/src/test/resources
2016-10-27 01:11:34,345 [Worker-216] INFO  o.e.m.c.i.embedder.EclipseLogger - Using 'UTF-8' encoding to copy filtered resources.
2016-10-27 01:11:34,346 [Worker-216] INFO  o.e.m.c.i.embedder.EclipseLogger - skip non existing resourceDirectory /Users/Ibrahim/bitcoinj-master/examples/src/main/resources
2016-10-27 01:11:34,348 [Worker-216] INFO  o.e.m.c.i.embedder.EclipseLogger - Using 'UTF-8' encoding to copy filtered resources.
2016-10-27 01:11:34,348 [Worker-216] INFO  o.e.m.c.i.embedder.EclipseLogger - skip non existing resourceDirectory /Users/Ibrahim/bitcoinj-master/examples/src/test/resources
2016-10-27 02:39:18,315 [Worker-235] INFO  o.e.m.c.i.embedder.EclipseLogger - Using 'UTF-8' encoding to copy filtered resources.
2016-10-27 02:39:18,316 [Worker-235] INFO  o.e.m.c.i.embedder.EclipseLogger - skip non existing resourceDirectory /Users/Ibrahim/bitcoinj-master/examples/src/main/resources
2016-10-27 02:39:18,317 [Worker-235] INFO  o.e.m.c.i.embedder.EclipseLogger - Using 'UTF-8' encoding to copy filtered resources.
2016-10-27 02:39:18,317 [Worker-235] INFO  o.e.m.c.i.embedder.EclipseLogger - skip non existing resourceDirectory /Users/Ibrahim/bitcoinj-master/examples/src/test/resources
2016-10-27 02:40:28,106 [Worker-235] INFO  o.e.m.c.i.embedder.EclipseLogger - Using 'UTF-8' encoding to copy filtered resources.
2016-10-27 02:40:28,106 [Worker-235] INFO  o.e.m.c.i.embedder.EclipseLogger - skip non existing resourceDirectory /Users/Ibrahim/bitcoinj-master/examples/src/main/resources
2016-10-27 02:40:28,108 [Worker-235] INFO  o.e.m.c.i.embedder.EclipseLogger - Using 'UTF-8' encoding to copy filtered resources.
2016-10-27 02:40:28,108 [Worker-235] INFO  o.e.m.c.i.embedder.EclipseLogger - skip non existing resourceDirectory /Users/Ibrahim/bitcoinj-master/examples/src/test/resources
2016-10-27 02:47:15,760 [Worker-243] INFO  o.e.m.c.i.embedder.EclipseLogger - Using 'UTF-8' encoding to copy filtered resources.
2016-10-27 02:47:15,760 [Worker-243] INFO  o.e.m.c.i.embedder.EclipseLogger - skip non existing resourceDirectory /Users/Ibrahim/bitcoinj-master/examples/src/main/resources
2016-10-27 02:47:15,762 [Worker-243] INFO  o.e.m.c.i.embedder.EclipseLogger - Using 'UTF-8' encoding to copy filtered resources.
2016-10-27 02:47:15,762 [Worker-243] INFO  o.e.m.c.i.embedder.EclipseLogger - skip non existing resourceDirectory /Users/Ibrahim/bitcoinj-master/examples/src/test/resources
2016-10-27 02:47:34,347 [Worker-235] INFO  o.e.m.c.i.embedder.EclipseLogger - Using 'UTF-8' encoding to copy filtered resources.
2016-10-27 02:47:34,347 [Worker-235] INFO  o.e.m.c.i.embedder.EclipseLogger - skip non existing resourceDirectory /Users/Ibrahim/bitcoinj-master/examples/src/main/resources
2016-10-27 02:47:34,348 [Worker-235] INFO  o.e.m.c.i.embedder.EclipseLogger - Using 'UTF-8' encoding to copy filtered resources.
2016-10-27 02:47:34,349 [Worker-235] INFO  o.e.m.c.i.embedder.EclipseLogger - skip non existing resourceDirectory /Users/Ibrahim/bitcoinj-master/examples/src/test/resources
2016-10-27 02:52:56,958 [Worker-243] INFO  o.e.m.c.i.embedder.EclipseLogger - Using 'UTF-8' encoding to copy filtered resources.
2016-10-27 02:52:56,958 [Worker-243] INFO  o.e.m.c.i.embedder.EclipseLogger - skip non existing resourceDirectory /Users/Ibrahim/bitcoinj-master/examples/src/main/resources
2016-10-27 02:52:56,961 [Worker-243] INFO  o.e.m.c.i.embedder.EclipseLogger - Using 'UTF-8' encoding to copy filtered resources.
2016-10-27 02:52:56,962 [Worker-243] INFO  o.e.m.c.i.embedder.EclipseLogger - skip non existing resourceDirectory /Users/Ibrahim/bitcoinj-master/examples/src/test/resources
2016-10-27 02:54:15,849 [Worker-242] INFO  o.e.m.c.i.embedder.EclipseLogger - Using 'UTF-8' encoding to copy filtered resources.
2016-10-27 02:54:15,849 [Worker-242] INFO  o.e.m.c.i.embedder.EclipseLogger - skip non existing resourceDirectory /Users/Ibrahim/bitcoinj-master/examples/src/main/resources
2016-10-27 02:54:15,850 [Worker-242] INFO  o.e.m.c.i.embedder.EclipseLogger - Using 'UTF-8' encoding to copy filtered resources.
2016-10-27 02:54:15,851 [Worker-242] INFO  o.e.m.c.i.embedder.EclipseLogger - skip non existing resourceDirectory /Users/Ibrahim/bitcoinj-master/examples/src/test/resources
2016-10-27 03:14:31,598 [Worker-243] INFO  o.e.m.c.i.embedder.EclipseLogger - Using 'UTF-8' encoding to copy filtered resources.
2016-10-27 03:14:31,599 [Worker-243] INFO  o.e.m.c.i.embedder.EclipseLogger - skip non existing resourceDirectory /Users/Ibrahim/bitcoinj-master/examples/src/main/resources
2016-10-27 03:14:31,600 [Worker-243] INFO  o.e.m.c.i.embedder.EclipseLogger - Using 'UTF-8' encoding to copy filtered resources.
2016-10-27 03:14:31,600 [Worker-243] INFO  o.e.m.c.i.embedder.EclipseLogger - skip non existing resourceDirectory /Users/Ibrahim/bitcoinj-master/examples/src/test/resources
2016-10-27 03:16:55,049 [Worker-245] INFO  o.e.m.c.i.embedder.EclipseLogger - Using 'UTF-8' encoding to copy filtered resources.
2016-10-27 03:16:55,049 [Worker-245] INFO  o.e.m.c.i.embedder.EclipseLogger - skip non existing resourceDirectory /Users/Ibrahim/bitcoinj-master/examples/src/main/resources
2016-10-27 03:16:55,051 [Worker-245] INFO  o.e.m.c.i.embedder.EclipseLogger - Using 'UTF-8' encoding to copy filtered resources.
2016-10-27 03:16:55,051 [Worker-245] INFO  o.e.m.c.i.embedder.EclipseLogger - skip non existing resourceDirectory /Users/Ibrahim/bitcoinj-master/examples/src/test/resources
2016-10-27 03:17:08,720 [Worker-244] INFO  o.e.m.c.i.embedder.EclipseLogger - Using 'UTF-8' encoding to copy filtered resources.
2016-10-27 03:17:08,720 [Worker-244] INFO  o.e.m.c.i.embedder.EclipseLogger - skip non existing resourceDirectory /Users/Ibrahim/bitcoinj-master/examples/src/main/resources
2016-10-27 03:17:08,722 [Worker-244] INFO  o.e.m.c.i.embedder.EclipseLogger - Using 'UTF-8' encoding to copy filtered resources.
2016-10-27 03:17:08,722 [Worker-244] INFO  o.e.m.c.i.embedder.EclipseLogger - skip non existing resourceDirectory /Users/Ibrahim/bitcoinj-master/examples/src/test/resources
2016-10-27 03:25:50,477 [Worker-245] INFO  o.e.m.c.i.embedder.EclipseLogger - Using 'UTF-8' encoding to copy filtered resources.
2016-10-27 03:25:50,478 [Worker-245] INFO  o.e.m.c.i.embedder.EclipseLogger - skip non existing resourceDirectory /Users/Ibrahim/bitcoinj-master/examples/src/main/resources
2016-10-27 03:25:50,479 [Worker-245] INFO  o.e.m.c.i.embedder.EclipseLogger - Using 'UTF-8' encoding to copy filtered resources.
2016-10-27 03:25:50,479 [Worker-245] INFO  o.e.m.c.i.embedder.EclipseLogger - skip non existing resourceDirectory /Users/Ibrahim/bitcoinj-master/examples/src/test/resources
2016-10-27 03:26:49,868 [Worker-245] INFO  o.e.m.c.i.embedder.EclipseLogger - Using 'UTF-8' encoding to copy filtered resources.
2016-10-27 03:26:49,869 [Worker-245] INFO  o.e.m.c.i.embedder.EclipseLogger - skip non existing resourceDirectory /Users/Ibrahim/bitcoinj-master/examples/src/main/resources
2016-10-27 03:26:49,870 [Worker-245] INFO  o.e.m.c.i.embedder.EclipseLogger - Using 'UTF-8' encoding to copy filtered resources.
2016-10-27 03:26:49,871 [Worker-245] INFO  o.e.m.c.i.embedder.EclipseLogger - skip non existing resourceDirectory /Users/Ibrahim/bitcoinj-master/examples/src/test/resources
2016-10-27 03:30:16,858 [Worker-245] INFO  o.e.m.c.i.embedder.EclipseLogger - Using 'UTF-8' encoding to copy filtered resources.
2016-10-27 03:30:16,858 [Worker-245] INFO  o.e.m.c.i.embedder.EclipseLogger - skip non existing resourceDirectory /Users/Ibrahim/bitcoinj-master/examples/src/main/resources
2016-10-27 03:30:16,860 [Worker-245] INFO  o.e.m.c.i.embedder.EclipseLogger - Using 'UTF-8' encoding to copy filtered resources.
2016-10-27 03:30:16,860 [Worker-245] INFO  o.e.m.c.i.embedder.EclipseLogger - skip non existing resourceDirectory /Users/Ibrahim/bitcoinj-master/examples/src/test/resources
2016-10-27 03:33:54,684 [Worker-252] INFO  o.e.m.c.i.embedder.EclipseLogger - Using 'UTF-8' encoding to copy filtered resources.
2016-10-27 03:33:54,685 [Worker-252] INFO  o.e.m.c.i.embedder.EclipseLogger - skip non existing resourceDirectory /Users/Ibrahim/bitcoinj-master/examples/src/main/resources
2016-10-27 03:33:54,686 [Worker-252] INFO  o.e.m.c.i.embedder.EclipseLogger - Using 'UTF-8' encoding to copy filtered resources.
2016-10-27 03:33:54,687 [Worker-252] INFO  o.e.m.c.i.embedder.EclipseLogger - skip non existing resourceDirectory /Users/Ibrahim/bitcoinj-master/examples/src/test/resources
2016-10-27 03:34:56,798 [Worker-254] INFO  o.e.m.c.i.embedder.EclipseLogger - Using 'UTF-8' encoding to copy filtered resources.
2016-10-27 03:34:56,798 [Worker-254] INFO  o.e.m.c.i.embedder.EclipseLogger - skip non existing resourceDirectory /Users/Ibrahim/bitcoinj-master/examples/src/main/resources
2016-10-27 03:34:56,799 [Worker-254] INFO  o.e.m.c.i.embedder.EclipseLogger - Using 'UTF-8' encoding to copy filtered resources.
2016-10-27 03:34:56,800 [Worker-254] INFO  o.e.m.c.i.embedder.EclipseLogger - skip non existing resourceDirectory /Users/Ibrahim/bitcoinj-master/examples/src/test/resources
2016-10-27 03:41:35,381 [Worker-1] INFO  c.g.t.t.d.PublishedGradleVersions - Gradle version information cache is up-to-date. Trying to read.
2016-10-27 03:41:46,253 [Worker-15] INFO  o.e.m.c.i.embedder.EclipseLogger - Using 'UTF-8' encoding to copy filtered resources.
2016-10-27 03:41:46,254 [Worker-15] INFO  o.e.m.c.i.embedder.EclipseLogger - skip non existing resourceDirectory /Users/Ibrahim/bitcoinj-master/examples/src/main/resources
2016-10-27 03:41:46,257 [Worker-15] INFO  o.e.m.c.i.embedder.EclipseLogger - Using 'UTF-8' encoding to copy filtered resources.
2016-10-27 03:41:46,257 [Worker-15] INFO  o.e.m.c.i.embedder.EclipseLogger - skip non existing resourceDirectory /Users/Ibrahim/bitcoinj-master/examples/src/test/resources
2016-10-27 03:43:07,017 [Worker-16] INFO  o.e.m.c.i.embedder.EclipseLogger - Using 'UTF-8' encoding to copy filtered resources.
2016-10-27 03:43:07,017 [Worker-16] INFO  o.e.m.c.i.embedder.EclipseLogger - skip non existing resourceDirectory /Users/Ibrahim/bitcoinj-master/examples/src/main/resources
2016-10-27 03:43:07,019 [Worker-16] INFO  o.e.m.c.i.embedder.EclipseLogger - Using 'UTF-8' encoding to copy filtered resources.
2016-10-27 03:43:07,020 [Worker-16] INFO  o.e.m.c.i.embedder.EclipseLogger - skip non existing resourceDirectory /Users/Ibrahim/bitcoinj-master/examples/src/test/resources
